This file contains any messages produced by compilers while
running configure, to aid debugging if configure makes a mistake.

It was created by shaper configure 1.0, which was
generated by GNU Autoconf 2.69.  Invocation command line was

  $ ./configure 

## --------- ##
## Platform. ##
## --------- ##

hostname = debian-vir
uname -m = x86_64
uname -r = 3.2.0-4-amd64
uname -s = Linux
uname -v = #1 SMP Debian 3.2.60-1+deb7u3

/usr/bin/uname -p = unknown
/bin/uname -X     = unknown

/bin/arch              = unknown
/usr/bin/arch -k       = unknown
/usr/convex/getsysinfo = unknown
/usr/bin/hostinfo      = unknown
/bin/machine           = unknown
/usr/bin/oslevel       = unknown
/bin/universe          = unknown

PATH: /home/giovanni/bin
PATH: /usr/local/bin
PATH: /usr/bin
PATH: /bin
PATH: /usr/local/games
PATH: /usr/games


## ----------- ##
## Core tests. ##
## ----------- ##

configure:2156: checking for gcc
configure:2172: found /usr/bin/gcc
configure:2183: result: gcc
configure:2412: checking for C compiler version
configure:2421: gcc --version >&5
gcc (Debian 4.7.2-5) 4.7.2
Copyright (C) 2012 Free Software Foundation, Inc.
This is free software; see the source for copying conditions.  There is NO
warranty; not even for MERCHANTABILITY or FITNESS FOR A PARTICULAR PURPOSE.

configure:2432: $? = 0
configure:2421: gcc -v >&5
Using built-in specs.
COLLECT_GCC=gcc
COLLECT_LTO_WRAPPER=/usr/lib/gcc/x86_64-linux-gnu/4.7/lto-wrapper
Target: x86_64-linux-gnu
Configured with: ../src/configure -v --with-pkgversion='Debian 4.7.2-5' --with-bugurl=file:///usr/share/doc/gcc-4.7/README.Bugs --enable-languages=c,c++,go,fortran,objc,obj-c++ --prefix=/usr --program-suffix=-4.7 --enable-shared --enable-linker-build-id --with-system-zlib --libexecdir=/usr/lib --without-included-gettext --enable-threads=posix --with-gxx-include-dir=/usr/include/c++/4.7 --libdir=/usr/lib --enable-nls --with-sysroot=/ --enable-clocale=gnu --enable-libstdcxx-debug --enable-libstdcxx-time=yes --enable-gnu-unique-object --enable-plugin --enable-objc-gc --with-arch-32=i586 --with-tune=generic --enable-checking=release --build=x86_64-linux-gnu --host=x86_64-linux-gnu --target=x86_64-linux-gnu
Thread model: posix
gcc version 4.7.2 (Debian 4.7.2-5) 
configure:2432: $? = 0
configure:2421: gcc -V >&5
gcc: error: unrecognized command line option '-V'
gcc: fatal error: no input files
compilation terminated.
configure:2432: $? = 4
configure:2421: gcc -qversion >&5
gcc: error: unrecognized command line option '-qversion'
gcc: fatal error: no input files
compilation terminated.
configure:2432: $? = 4
configure:2452: checking whether the C compiler works
configure:2474: gcc  -O3   conftest.c  >&5
configure:2478: $? = 0
configure:2526: result: yes
configure:2529: checking for C compiler default output file name
configure:2531: result: a.out
configure:2537: checking for suffix of executables
configure:2544: gcc -o conftest  -O3   conftest.c  >&5
configure:2548: $? = 0
configure:2570: result: 
configure:2592: checking whether we are cross compiling
configure:2600: gcc -o conftest  -O3   conftest.c  >&5
configure:2604: $? = 0
configure:2611: ./conftest
configure:2615: $? = 0
configure:2630: result: no
configure:2635: checking for suffix of object files
configure:2657: gcc -c  -O3  conftest.c >&5
configure:2661: $? = 0
configure:2682: result: o
configure:2686: checking whether we are using the GNU C compiler
configure:2705: gcc -c  -O3  conftest.c >&5
configure:2705: $? = 0
configure:2714: result: yes
configure:2723: checking whether gcc accepts -g
configure:2743: gcc -c -g  conftest.c >&5
configure:2743: $? = 0
configure:2784: result: yes
configure:2801: checking for gcc option to accept ISO C89
configure:2864: gcc  -c  -O3  conftest.c >&5
configure:2864: $? = 0
configure:2877: result: none needed
configure:2940: checking for a BSD-compatible install
configure:3008: result: /usr/bin/install -c
configure:3030: checking for library containing ncds_apply_rpc
configure:3061: gcc -o conftest  -O3   conftest.c  >&5
/tmp/ccAUgkd2.o: In function `main':
conftest.c:(.text.startup+0x7): undefined reference to `ncds_apply_rpc'
collect2: error: ld returned 1 exit status
configure:3061: $? = 1
configure: failed program was:
| /* confdefs.h */
| #define PACKAGE_NAME "shaper"
| #define PACKAGE_TARNAME "shaper"
| #define PACKAGE_VERSION "1.0"
| #define PACKAGE_STRING "shaper 1.0"
| #define PACKAGE_BUGREPORT "BUG-REPORT-ADDRESS"
| #define PACKAGE_URL ""
| /* end confdefs.h.  */
| 
| /* Override any GCC internal prototype to avoid an error.
|    Use char because int might match the return type of a GCC
|    builtin and then its argument prototype would still apply.  */
| #ifdef __cplusplus
| extern "C"
| #endif
| char ncds_apply_rpc ();
| int
| main ()
| {
| return ncds_apply_rpc ();
|   ;
|   return 0;
| }
configure:3061: gcc -o conftest  -O3   conftest.c -lnetconf   >&5
configure:3061: $? = 0
configure:3078: result: -lnetconf
configure:3090: checking for library containing ncntf_status
configure:3121: gcc -o conftest  -O3   conftest.c -lnetconf  >&5
configure:3121: $? = 0
configure:3138: result: none required
configure:3153: checking for xml2-config
configure:3169: found /usr/bin/xml2-config
configure:3181: result: yes
configure:3192: checking for main in -lxml2
configure:3211: gcc -o conftest  -O3   conftest.c -lxml2  -lnetconf  >&5
configure:3211: $? = 0
configure:3220: result: yes
configure:3238: checking how to run the C preprocessor
configure:3269: gcc -E -I../../../src  conftest.c
configure:3269: $? = 0
configure:3283: gcc -E -I../../../src  conftest.c
conftest.c:9:28: fatal error: ac_nonexistent.h: No such file or directory
compilation terminated.
configure:3283: $? = 1
configure: failed program was:
| /* confdefs.h */
| #define PACKAGE_NAME "shaper"
| #define PACKAGE_TARNAME "shaper"
| #define PACKAGE_VERSION "1.0"
| #define PACKAGE_STRING "shaper 1.0"
| #define PACKAGE_BUGREPORT "BUG-REPORT-ADDRESS"
| #define PACKAGE_URL ""
| /* end confdefs.h.  */
| #include <ac_nonexistent.h>
configure:3308: result: gcc -E
configure:3328: gcc -E -I../../../src  conftest.c
configure:3328: $? = 0
configure:3342: gcc -E -I../../../src  conftest.c
conftest.c:9:28: fatal error: ac_nonexistent.h: No such file or directory
compilation terminated.
configure:3342: $? = 1
configure: failed program was:
| /* confdefs.h */
| #define PACKAGE_NAME "shaper"
| #define PACKAGE_TARNAME "shaper"
| #define PACKAGE_VERSION "1.0"
| #define PACKAGE_STRING "shaper 1.0"
| #define PACKAGE_BUGREPORT "BUG-REPORT-ADDRESS"
| #define PACKAGE_URL ""
| /* end confdefs.h.  */
| #include <ac_nonexistent.h>
configure:3371: checking for grep that handles long lines and -e
configure:3429: result: /bin/grep
configure:3434: checking for egrep
configure:3496: result: /bin/grep -E
configure:3501: checking for ANSI C header files
configure:3521: gcc -c -I/usr/include/libxml2  -O3 -I../../../src  conftest.c >&5
configure:3521: $? = 0
configure:3594: gcc -o conftest -I/usr/include/libxml2  -O3 -I../../../src   conftest.c -L/usr/lib -lxml2 -lnetconf  >&5
configure:3594: $? = 0
configure:3594: ./conftest
configure:3594: $? = 0
configure:3605: result: yes
configure:3618: checking for sys/types.h
configure:3618: gcc -c -I/usr/include/libxml2  -O3 -I../../../src  conftest.c >&5
configure:3618: $? = 0
configure:3618: result: yes
configure:3618: checking for sys/stat.h
configure:3618: gcc -c -I/usr/include/libxml2  -O3 -I../../../src  conftest.c >&5
configure:3618: $? = 0
configure:3618: result: yes
configure:3618: checking for stdlib.h
configure:3618: gcc -c -I/usr/include/libxml2  -O3 -I../../../src  conftest.c >&5
configure:3618: $? = 0
configure:3618: result: yes
configure:3618: checking for string.h
configure:3618: gcc -c -I/usr/include/libxml2  -O3 -I../../../src  conftest.c >&5
configure:3618: $? = 0
configure:3618: result: yes
configure:3618: checking for memory.h
configure:3618: gcc -c -I/usr/include/libxml2  -O3 -I../../../src  conftest.c >&5
configure:3618: $? = 0
configure:3618: result: yes
configure:3618: checking for strings.h
configure:3618: gcc -c -I/usr/include/libxml2  -O3 -I../../../src  conftest.c >&5
configure:3618: $? = 0
configure:3618: result: yes
configure:3618: checking for inttypes.h
configure:3618: gcc -c -I/usr/include/libxml2  -O3 -I../../../src  conftest.c >&5
configure:3618: $? = 0
configure:3618: result: yes
configure:3618: checking for stdint.h
configure:3618: gcc -c -I/usr/include/libxml2  -O3 -I../../../src  conftest.c >&5
configure:3618: $? = 0
configure:3618: result: yes
configure:3618: checking for unistd.h
configure:3618: gcc -c -I/usr/include/libxml2  -O3 -I../../../src  conftest.c >&5
configure:3618: $? = 0
configure:3618: result: yes
configure:3633: checking for stdlib.h
configure:3633: result: yes
configure:3633: checking libnetconf.h usability
configure:3633: gcc -c -I/usr/include/libxml2  -O3 -I../../../src  conftest.c >&5
configure:3633: $? = 0
configure:3633: result: yes
configure:3633: checking libnetconf.h presence
configure:3633: gcc -E -I../../../src  conftest.c
configure:3633: $? = 0
configure:3633: result: yes
configure:3633: checking for libnetconf.h
configure:3633: result: yes
configure:3802: creating ./config.status

## ---------------------- ##
## Running config.status. ##
## ---------------------- ##

This file was extended by shaper config.status 1.0, which was
generated by GNU Autoconf 2.69.  Invocation command line was

  CONFIG_FILES    = 
  CONFIG_HEADERS  = 
  CONFIG_LINKS    = 
  CONFIG_COMMANDS = 
  $ ./config.status 

on debian-vir

config.status:730: creating Makefile

## ---------------- ##
## Cache variables. ##
## ---------------- ##

ac_cv_c_compiler_gnu=yes
ac_cv_env_CC_set=
ac_cv_env_CC_value=
ac_cv_env_CFLAGS_set=
ac_cv_env_CFLAGS_value=
ac_cv_env_CPPFLAGS_set=
ac_cv_env_CPPFLAGS_value=
ac_cv_env_CPP_set=
ac_cv_env_CPP_value=
ac_cv_env_LDFLAGS_set=
ac_cv_env_LDFLAGS_value=
ac_cv_env_LIBS_set=
ac_cv_env_LIBS_value=
ac_cv_env_build_alias_set=
ac_cv_env_build_alias_value=
ac_cv_env_host_alias_set=
ac_cv_env_host_alias_value=
ac_cv_env_target_alias_set=
ac_cv_env_target_alias_value=
ac_cv_header_inttypes_h=yes
ac_cv_header_libnetconf_h=yes
ac_cv_header_memory_h=yes
ac_cv_header_stdc=yes
ac_cv_header_stdint_h=yes
ac_cv_header_stdlib_h=yes
ac_cv_header_string_h=yes
ac_cv_header_strings_h=yes
ac_cv_header_sys_stat_h=yes
ac_cv_header_sys_types_h=yes
ac_cv_header_unistd_h=yes
ac_cv_lib_xml2_main=yes
ac_cv_objext=o
ac_cv_path_EGREP='/bin/grep -E'
ac_cv_path_GREP=/bin/grep
ac_cv_path_install='/usr/bin/install -c'
ac_cv_prog_CPP='gcc -E'
ac_cv_prog_XML2_CONFIG=yes
ac_cv_prog_ac_ct_CC=gcc
ac_cv_prog_cc_c89=
ac_cv_prog_cc_g=yes
ac_cv_search_ncds_apply_rpc=-lnetconf
ac_cv_search_ncntf_status='none required'

## ----------------- ##
## Output variables. ##
## ----------------- ##

CC='gcc'
CFLAGS='-I/usr/include/libxml2  -O3'
CPP='gcc -E'
CPPFLAGS='-I../../../src '
DEFS='-DPACKAGE_NAME=\"shaper\" -DPACKAGE_TARNAME=\"shaper\" -DPACKAGE_VERSION=\"1.0\" -DPACKAGE_STRING=\"shaper\ 1.0\" -DPACKAGE_BUGREPORT=\"BUG-REPORT-ADDRESS\" -DPACKAGE_URL=\"\" -DSTDC_HEADERS=1 -DHAVE_SYS_TYPES_H=1 -DHAVE_SYS_STAT_H=1 -DHAVE_STDLIB_H=1 -DHAVE_STRING_H=1 -DHAVE_MEMORY_H=1 -DHAVE_STRINGS_H=1 -DHAVE_INTTYPES_H=1 -DHAVE_STDINT_H=1 -DHAVE_UNISTD_H=1 -DHAVE_STDLIB_H=1 -DHAVE_LIBNETCONF_H=1'
ECHO_C=''
ECHO_N='-n'
ECHO_T=''
EGREP='/bin/grep -E'
EXEEXT=''
GREP='/bin/grep'
INSTALL_DATA='${INSTALL} -m 644'
INSTALL_PROGRAM='${INSTALL}'
INSTALL_SCRIPT='${INSTALL}'
LDFLAGS=''
LIBOBJS=''
LIBS='-L/usr/lib -lxml2 -lnetconf '
LTLIBOBJS=''
OBJEXT='o'
PACKAGE_BUGREPORT='BUG-REPORT-ADDRESS'
PACKAGE_NAME='shaper'
PACKAGE_STRING='shaper 1.0'
PACKAGE_TARNAME='shaper'
PACKAGE_URL=''
PACKAGE_VERSION='1.0'
PATH_SEPARATOR=':'
PROJECTNAME='shaper'
SHELL='/bin/bash'
XML2_CONFIG='yes'
ac_ct_CC='gcc'
bindir='${exec_prefix}/bin'
build_alias=''
datadir='${datarootdir}'
datarootdir='${prefix}/share'
docdir='${datarootdir}/doc/${PACKAGE_TARNAME}'
dvidir='${docdir}'
exec_prefix='${prefix}'
host_alias=''
htmldir='${docdir}'
includedir='${prefix}/include'
infodir='${datarootdir}/info'
libdir='${exec_prefix}/lib'
libexecdir='${exec_prefix}/libexec'
libtool='libtool'
localedir='${datarootdir}/locale'
localstatedir='${prefix}/var'
mandir='${datarootdir}/man'
oldincludedir='/usr/include'
pdfdir='${docdir}'
prefix='/usr/local'
program_transform_name='s,x,x,'
psdir='${docdir}'
sbindir='${exec_prefix}/sbin'
sharedstatedir='${prefix}/com'
sysconfdir='${prefix}/etc'
target_alias=''

## ----------- ##
## confdefs.h. ##
## ----------- ##

/* confdefs.h */
#define PACKAGE_NAME "shaper"
#define PACKAGE_TARNAME "shaper"
#define PACKAGE_VERSION "1.0"
#define PACKAGE_STRING "shaper 1.0"
#define PACKAGE_BUGREPORT "BUG-REPORT-ADDRESS"
#define PACKAGE_URL ""
#define STDC_HEADERS 1
#define HAVE_SYS_TYPES_H 1
#define HAVE_SYS_STAT_H 1
#define HAVE_STDLIB_H 1
#define HAVE_STRING_H 1
#define HAVE_MEMORY_H 1
#define HAVE_STRINGS_H 1
#define HAVE_INTTYPES_H 1
#define HAVE_STDINT_H 1
#define HAVE_UNISTD_H 1
#define HAVE_STDLIB_H 1
#define HAVE_LIBNETCONF_H 1

configure: exit 0
